{
  "RSpec": {
    "coverage": {
      "/Users/mfenner/Documents/git/content-negotiation/config/environment.rb": [
        null,
        1,
        null,
        null,
        1
      ],
      "/Users/mfenner/Documents/git/content-negotiation/config/application.rb": [
        1,
        null,
        1,
        null,
        1,
        null,
        null,
        1,
        null,
        null,
        null,
        null,
        null,
        null,
        null,
        null,
        1,
        null,
        null,
        1,
        1,
        1,
        1,
        null,
        null,
        null,
        null,
        1,
        1,
        0,
        0,
        null,
        null,
        null,
        1,
        1,
        1,
        1,
        1,
        1,
        1,
        1,
        null,
        1,
        1,
        null,
        null,
        null,
        null,
        null,
        null,
        null,
        1,
        null,
        null,
        1,
        null,
        null,
        1,
        null,
        null,
        1,
        1,
        1,
        1,
        1,
        1,
        null,
        null,
        null,
        1,
        null,
        null,
        1,
        null,
        null,
        1,
        null,
        null,
        1,
        null,
        null
      ],
      "/Users/mfenner/Documents/git/content-negotiation/config/boot.rb": [
        1,
        null,
        1
      ],
      "/Users/mfenner/Documents/git/content-negotiation/config/environments/test.rb": [
        1,
        null,
        null,
        null,
        null,
        null,
        null,
        1,
        null,
        null,
        null,
        null,
        1,
        null,
        null,
        1,
        1,
        null,
        null,
        null,
        null,
        1,
        null,
        null,
        1,
        null,
        null,
        1,
        null,
        null,
        1,
        null,
        null,
        1,
        null,
        null,
        null,
        null,
        null,
        null,
        null,
        null,
        1,
        null,
        null,
        null,
        null
      ],
      "/Users/mfenner/Documents/git/content-negotiation/config/initializers/application_controller_renderer.rb": [
        null,
        null,
        null,
        null,
        null,
        null
      ],
      "/Users/mfenner/Documents/git/content-negotiation/config/initializers/backtrace_silencers.rb": [
        null,
        null,
        null,
        null,
        null,
        null,
        null
      ],
      "/Users/mfenner/Documents/git/content-negotiation/config/initializers/bugsnag.rb": [
        1,
        0,
        0,
        0,
        null,
        null
      ],
      "/Users/mfenner/Documents/git/content-negotiation/config/initializers/filter_parameter_logging.rb": [
        null,
        null,
        null,
        1
      ],
      "/Users/mfenner/Documents/git/content-negotiation/config/initializers/inflections.rb": [
        null,
        null,
        null,
        null,
        null,
        null,
        null,
        null,
        null,
        null,
        null,
        null,
        null,
        null,
        null,
        null
      ],
      "/Users/mfenner/Documents/git/content-negotiation/config/initializers/lograge.rb": [
        1,
        1,
        null
      ],
      "/Users/mfenner/Documents/git/content-negotiation/config/initializers/mime_types.rb": [
        null,
        35,
        34,
        null,
        null,
        null,
        1,
        1,
        1,
        null,
        null,
        1,
        1,
        1,
        1,
        1,
        1,
        1,
        1,
        1,
        1,
        1,
        1,
        1,
        null,
        null,
        null,
        1,
        6,
        0,
        0,
        null,
        0,
        0,
        null,
        null,
        null,
        null,
        1,
        4,
        0,
        0,
        0,
        null,
        0,
        0,
        null,
        null,
        null,
        null,
        1,
        0,
        0,
        0,
        null,
        0,
        0,
        null,
        null,
        null,
        1,
        0,
        0,
        0,
        null,
        0,
        0,
        null,
        null,
        null,
        1,
        0,
        0,
        null,
        0,
        0,
        null
      ],
      "/Users/mfenner/Documents/git/content-negotiation/config/initializers/name_detector.rb": [
        1,
        null,
        1
      ],
      "/Users/mfenner/Documents/git/content-negotiation/config/initializers/wrap_parameters.rb": [
        null,
        null,
        null,
        null,
        null,
        null,
        1,
        1,
        null,
        null,
        null,
        null,
        null,
        null
      ],
      "/Users/mfenner/Documents/git/content-negotiation/config/routes.rb": [
        1,
        1,
        null,
        null,
        1,
        1,
        1,
        1,
        1,
        null,
        1,
        null,
        null,
        1,
        null
      ],
      "/Users/mfenner/Documents/git/content-negotiation/spec/api/heartbeat_spec.rb": [
        1,
        null,
        1,
        1,
        0,
        null,
        0,
        0,
        null,
        null
      ],
      "/Users/mfenner/Documents/git/content-negotiation/spec/concerns/helpable_spec.rb": [
        1,
        null,
        1,
        1,
        1,
        0,
        0,
        null,
        null,
        1,
        0,
        0,
        null,
        null,
        null,
        1,
        0,
        0,
        null,
        null,
        null,
        1,
        1,
        0,
        null,
        null,
        null,
        null,
        null,
        null,
        null,
        null,
        null,
        null,
        null,
        null,
        null,
        null,
        null,
        null,
        null,
        null
      ],
      "/Users/mfenner/Documents/git/content-negotiation/app/models/help.rb": [
        null,
        1,
        1,
        null
      ],
      "/Users/mfenner/Documents/git/content-negotiation/app/controllers/concerns/helpable.rb": [
        1,
        1,
        null,
        1,
        1,
        null,
        1,
        1,
        1,
        null,
        1,
        0,
        0,
        null,
        null,
        null,
        1,
        0,
        0,
        0,
        0,
        null,
        0,
        0,
        0,
        0,
        0,
        null,
        null,
        1,
        0,
        0,
        null,
        null,
        null
      ]
    },
    "timestamp": 1524469712
  }
}
